# JRE version: OpenJDK Runtime Environment (8.0_242-b01) (build 1.8.0_242-release-1644-b01)
# Java VM: OpenJDK 64-Bit Server VM (25.242-b01 mixed mode windows-amd64 compressed oops)
Heap:
 PSYoungGen      total 411136K, used 98527K [0x00000000e0000000, 0x0000000100000000, 0x0000000100000000)
  eden space 297984K, 33% used [0x00000000e0000000,0x00000000e6037c90,0x00000000f2300000)
  from space 113152K, 0% used [0x00000000f2300000,0x00000000f2300000,0x00000000f9180000)
  to   space 108544K, 0% used [0x00000000f9600000,0x00000000f9600000,0x0000000100000000)
 ParOldGen       total 293888K, used 68075K [0x00000000a0000000, 0x00000000b1f00000, 0x00000000e0000000)
  object space 293888K, 23% used [0x00000000a0000000,0x00000000a427ada8,0x00000000b1f00000)
 Metaspace       used 96234K, capacity 100046K, committed 100136K, reserved 1136640K
  class space    used 11903K, capacity 12688K, committed 12712K, reserved 1048576K
GC Heap History (10 events):
Event: 1299.589 GC heap before
{Heap before GC invocations=35 (full 3):
 PSYoungGen      total 360960K, used 316518K [0x00000000e0000000, 0x00000000fe580000, 0x0000000100000000)
  eden space 258560K, 100% used [0x00000000e0000000,0x00000000efc80000,0x00000000efc80000)
  from space 102400K, 56% used [0x00000000efc80000,0x00000000f3519a08,0x00000000f6080000)
  to   space 100864K, 0% used [0x00000000f8300000,0x00000000f8300000,0x00000000fe580000)
 ParOldGen       total 204288K, used 128640K [0x00000000a0000000, 0x00000000ac780000, 0x00000000e0000000)
  object space 204288K, 62% used [0x00000000a0000000,0x00000000a7da0250,0x00000000ac780000)
 Metaspace       used 83434K, capacity 86462K, committed 86552K, reserved 1124352K
  class space    used 10313K, capacity 10966K, committed 11048K, reserved 1048576K
Event: 1299.673 GC heap after
Heap after GC invocations=35 (full 3):
 PSYoungGen      total 384000K, used 57921K [0x00000000e0000000, 0x00000000fde00000, 0x0000000100000000)
  eden space 290816K, 0% used [0x00000000e0000000,0x00000000e0000000,0x00000000f1c00000)
  from space 93184K, 62% used [0x00000000f8300000,0x00000000fbb904d8,0x00000000fde00000)
  to   space 99328K, 0% used [0x00000000f1c00000,0x00000000f1c00000,0x00000000f7d00000)
 ParOldGen       total 204288K, used 128648K [0x00000000a0000000, 0x00000000ac780000, 0x00000000e0000000)
  object space 204288K, 62% used [0x00000000a0000000,0x00000000a7da2250,0x00000000ac780000)
 Metaspace       used 83434K, capacity 86462K, committed 86552K, reserved 1124352K
  class space    used 10313K, capacity 10966K, committed 11048K, reserved 1048576K
}
Event: 1305.739 GC heap before
{Heap before GC invocations=36 (full 3):
 PSYoungGen      total 384000K, used 348737K [0x00000000e0000000, 0x00000000fde00000, 0x0000000100000000)
  eden space 290816K, 100% used [0x00000000e0000000,0x00000000f1c00000,0x00000000f1c00000)
  from space 93184K, 62% used [0x00000000f8300000,0x00000000fbb904d8,0x00000000fde00000)
  to   space 99328K, 0% used [0x00000000f1c00000,0x00000000f1c00000,0x00000000f7d00000)
 ParOldGen       total 204288K, used 128648K [0x00000000a0000000, 0x00000000ac780000, 0x00000000e0000000)
  object space 204288K, 62% used [0x00000000a0000000,0x00000000a7da2250,0x00000000ac780000)
 Metaspace       used 83530K, capacity 86480K, committed 86808K, reserved 1124352K
  class space    used 10316K, capacity 10969K, committed 11048K, reserved 1048576K
Event: 1305.871 GC heap after
Heap after GC invocations=36 (full 3):
 PSYoungGen      total 390144K, used 60710K [0x00000000e0000000, 0x00000000ffd80000, 0x0000000100000000)
  eden space 290816K, 0% used [0x00000000e0000000,0x00000000e0000000,0x00000000f1c00000)
  from space 99328K, 61% used [0x00000000f1c00000,0x00000000f5749960,0x00000000f7d00000)
  to   space 98816K, 0% used [0x00000000f9d00000,0x00000000f9d00000,0x00000000ffd80000)
 ParOldGen       total 204288K, used 128656K [0x00000000a0000000, 0x00000000ac780000, 0x00000000e0000000)
  object space 204288K, 62% used [0x00000000a0000000,0x00000000a7da4250,0x00000000ac780000)
 Metaspace       used 83530K, capacity 86480K, committed 86808K, reserved 1124352K
  class space    used 10316K, capacity 10969K, committed 11048K, reserved 1048576K
}
Event: 1316.089 GC heap before
{Heap before GC invocations=37 (full 3):
 PSYoungGen      total 390144K, used 351526K [0x00000000e0000000, 0x00000000ffd80000, 0x0000000100000000)
  eden space 290816K, 100% used [0x00000000e0000000,0x00000000f1c00000,0x00000000f1c00000)
  from space 99328K, 61% used [0x00000000f1c00000,0x00000000f5749960,0x00000000f7d00000)
  to   space 98816K, 0% used [0x00000000f9d00000,0x00000000f9d00000,0x00000000ffd80000)
 ParOldGen       total 204288K, used 128656K [0x00000000a0000000, 0x00000000ac780000, 0x00000000e0000000)
  object space 204288K, 62% used [0x00000000a0000000,0x00000000a7da4250,0x00000000ac780000)
 Metaspace       used 93738K, capacity 97624K, committed 97944K, reserved 1134592K
  class space    used 11559K, capacity 12357K, committed 12456K, reserved 1048576K
Event: 1316.251 GC heap after
Heap after GC invocations=37 (full 3):
 PSYoungGen      total 396800K, used 98802K [0x00000000e0000000, 0x0000000100000000, 0x0000000100000000)
  eden space 297984K, 0% used [0x00000000e0000000,0x00000000e0000000,0x00000000f2300000)
  from space 98816K, 99% used [0x00000000f9d00000,0x00000000ffd7c9f0,0x00000000ffd80000)
  to   space 113152K, 0% used [0x00000000f2300000,0x00000000f2300000,0x00000000f9180000)
 ParOldGen       total 204288K, used 130988K [0x00000000a0000000, 0x00000000ac780000, 0x00000000e0000000)
  object space 204288K, 64% used [0x00000000a0000000,0x00000000a7feb178,0x00000000ac780000)
 Metaspace       used 93738K, capacity 97624K, committed 97944K, reserved 1134592K
  class space    used 11559K, capacity 12357K, committed 12456K, reserved 1048576K
}
Event: 1318.432 GC heap before
{Heap before GC invocations=38 (full 3):
 PSYoungGen      total 396800K, used 252673K [0x00000000e0000000, 0x0000000100000000, 0x0000000100000000)
  eden space 297984K, 51% used [0x00000000e0000000,0x00000000e9643c98,0x00000000f2300000)
  from space 98816K, 99% used [0x00000000f9d00000,0x00000000ffd7c9f0,0x00000000ffd80000)
  to   space 113152K, 0% used [0x00000000f2300000,0x00000000f2300000,0x00000000f9180000)
 ParOldGen       total 204288K, used 130988K [0x00000000a0000000, 0x00000000ac780000, 0x00000000e0000000)
  object space 204288K, 64% used [0x00000000a0000000,0x00000000a7feb178,0x00000000ac780000)
 Metaspace       used 94640K, capacity 98536K, committed 98600K, reserved 1136640K
  class space    used 11654K, capacity 12437K, committed 12456K, reserved 1048576K
Event: 1318.515 GC heap after
Heap after GC invocations=38 (full 3):
 PSYoungGen      total 411136K, used 45924K [0x00000000e0000000, 0x0000000100000000, 0x0000000100000000)
  eden space 297984K, 0% used [0x00000000e0000000,0x00000000e0000000,0x00000000f2300000)
  from space 113152K, 40% used [0x00000000f2300000,0x00000000f4fd9278,0x00000000f9180000)
  to   space 108544K, 0% used [0x00000000f9600000,0x00000000f9600000,0x0000000100000000)
 ParOldGen       total 204288K, used 147055K [0x00000000a0000000, 0x00000000ac780000, 0x00000000e0000000)
  object space 204288K, 71% used [0x00000000a0000000,0x00000000a8f9bd18,0x00000000ac780000)
 Metaspace       used 94640K, capacity 98536K, committed 98600K, reserved 1136640K
  class space    used 11654K, capacity 12437K, committed 12456K, reserved 1048576K
}
Event: 1318.516 GC heap before
{Heap before GC invocations=39 (full 4):
 PSYoungGen      total 411136K, used 45924K [0x00000000e0000000, 0x0000000100000000, 0x0000000100000000)
  eden space 297984K, 0% used [0x00000000e0000000,0x00000000e0000000,0x00000000f2300000)
  from space 113152K, 40% used [0x00000000f2300000,0x00000000f4fd9278,0x00000000f9180000)
  to   space 108544K, 0% used [0x00000000f9600000,0x00000000f9600000,0x0000000100000000)
 ParOldGen       total 204288K, used 147055K [0x00000000a0000000, 0x00000000ac780000, 0x00000000e0000000)
  object space 204288K, 71% used [0x00000000a0000000,0x00000000a8f9bd18,0x00000000ac780000)
 Metaspace       used 94640K, capacity 98536K, committed 98600K, reserved 1136640K
  class space    used 11654K, capacity 12437K, committed 12456K, reserved 1048576K
Event: 1318.833 GC heap after
Heap after GC invocations=39 (full 4):
 PSYoungGen      total 411136K, used 0K [0x00000000e0000000, 0x0000000100000000, 0x0000000100000000)
  eden space 297984K, 0% used [0x00000000e0000000,0x00000000e0000000,0x00000000f2300000)
  from space 113152K, 0% used [0x00000000f2300000,0x00000000f2300000,0x00000000f9180000)
  to   space 108544K, 0% used [0x00000000f9600000,0x00000000f9600000,0x0000000100000000)
 ParOldGen       total 293888K, used 68075K [0x00000000a0000000, 0x00000000b1f00000, 0x00000000e0000000)
  object space 293888K, 23% used [0x00000000a0000000,0x00000000a427ada8,0x00000000b1f00000)
 Metaspace       used 94470K, capacity 98052K, committed 98600K, reserved 1136640K
  class space    used 11598K, capacity 12337K, committed 12456K, reserved 1048576K
}

